[2025-12-23 22:31:57] domain=jpshosting.net type=full checkpoint=20251223-223151 note="testing checkpoint"
[2025-12-24 02:39:11] domain=jpshosting.biz type=full checkpoint=20251224-023710
[2025-12-26 03:02:01] domain=jpshosting.biz type=full checkpoint=20251226-030001 note="daily auto-backup"
[2025-12-26 03:10:07] domain=jpshosting.net type=full checkpoint=20251226-031001 note="daily auto-backup"
[2025-12-26 03:20:04] domain=docs.jpshosting.net type=full checkpoint=20251226-032001 note="daily auto-backup"
[2025-12-27 03:01:59] domain=jpshosting.biz type=full checkpoint=20251227-030001 note="daily auto-backup"
[2025-12-27 03:10:04] domain=jpshosting.net type=full checkpoint=20251227-031001 note="daily auto-backup"
[2025-12-27 03:20:03] domain=docs.jpshosting.net type=full checkpoint=20251227-032001 note="daily auto-backup"
[2025-12-28 03:02:18] domain=jpshosting.biz type=full checkpoint=20251228-030001 note="daily auto-backup"
[2025-12-28 03:10:03] domain=jpshosting.net type=full checkpoint=20251228-031001 note="daily auto-backup"
[2025-12-28 03:20:03] domain=docs.jpshosting.net type=full checkpoint=20251228-032001 note="daily auto-backup"
[2025-12-29 03:02:10] domain=jpshosting.biz type=full checkpoint=20251229-030001 note="daily auto-backup"
[2025-12-29 03:10:03] domain=jpshosting.net type=full checkpoint=20251229-031001 note="daily auto-backup"
[2025-12-29 03:20:04] domain=docs.jpshosting.net type=full checkpoint=20251229-032001 note="daily auto-backup"
[2025-12-30 03:02:18] domain=jpshosting.biz type=full checkpoint=20251230-030001 note="daily auto-backup"
[2025-12-30 03:10:10] domain=jpshosting.net type=full checkpoint=20251230-031001 note="daily auto-backup"
[2025-12-30 03:20:04] domain=docs.jpshosting.net type=full checkpoint=20251230-032001 note="daily auto-backup"
[2025-12-30 06:55:26] domain=docs.jpshosting.net type=full checkpoint=20251230-065523
[2025-12-30 06:57:30] domain=jpshosting.biz type=full checkpoint=20251230-065526
[2025-12-30 06:57:37] domain=jpshosting.net type=full checkpoint=20251230-065730
