[2025-12-26 12:09:12] [INFO] Starting WordPress reinstall for jpshosting.net
[2025-12-26 12:09:12] [INFO] Options: preserve_uploads=true, force=true, json=true
[2025-12-26 12:09:12] [INFO] Validated domain: jpshosting.net
[2025-12-26 12:09:12] [INFO] Extracted database credentials (DB: wp_jpshosting_net_1766339104, User: wp_jpshosting_net_1766339104_user)
[2025-12-26 12:09:12] [INFO] Creating backup at /var/backups/jps-sites/jpshosting.net/reinstall_backup_20251226_120912
[2025-12-26 12:09:12] [INFO] Backing up files...
[2025-12-26 12:09:18] [INFO] Backing up database...
[2025-12-26 12:09:18] [SUCCESS] Backup created successfully at /var/backups/jps-sites/jpshosting.net/reinstall_backup_20251226_120912
[2025-12-26 12:09:18] [INFO] Preserving uploads directory...
[2025-12-26 12:09:18] [INFO] Removing existing WordPress files...
[2025-12-26 12:09:20] [INFO] Downloading fresh WordPress...
[2025-12-26 12:09:22] [INFO] Restoring uploads directory...
[2025-12-26 12:09:22] [INFO] Creating wp-config.php...
[2025-12-26 12:09:22] [INFO] Setting file permissions...
[2025-12-26 12:09:26] [SUCCESS] WordPress reinstalled successfully
[2025-12-26 12:09:26] [SUCCESS] WordPress reinstall completed for jpshosting.net
[2025-12-26 12:09:26] [INFO] Previous version: 6.9
[2025-12-26 12:09:27] [INFO] New version: 6.9
[2025-12-26 12:09:27] [INFO] Backup location: /var/backups/jps-sites/jpshosting.net/reinstall_backup_20251226_120912
[2025-12-26 12:51:27] [INFO] Starting WordPress reinstall for jpshosting.net
[2025-12-26 12:51:27] [INFO] Options: preserve_uploads=true, force=true, json=true
[2025-12-26 12:51:27] [INFO] Validated domain: jpshosting.net
[2025-12-26 12:51:27] [INFO] Extracted database credentials (DB: wp_jpshosting_net_1766339104, User: wp_jpshosting_net_1766339104_user)
[2025-12-26 12:51:27] [INFO] Creating backup at /var/backups/jps-sites/jpshosting.net/reinstall_backup_20251226_125127
[2025-12-26 12:51:27] [INFO] Backing up files...
[2025-12-26 12:51:29] [INFO] Backing up database...
[2025-12-26 12:51:29] [SUCCESS] Backup created successfully at /var/backups/jps-sites/jpshosting.net/reinstall_backup_20251226_125127
[2025-12-26 12:51:29] [INFO] Preserving uploads directory...
[2025-12-26 12:51:29] [INFO] Removing existing WordPress files...
[2025-12-26 12:51:29] [INFO] Downloading fresh WordPress...
[2025-12-26 12:51:31] [INFO] Restoring uploads directory...
[2025-12-26 12:51:31] [INFO] Creating wp-config.php...
[2025-12-26 12:51:31] [INFO] Setting file permissions...
[2025-12-26 12:51:35] [INFO] Creating .htaccess file...
[2025-12-26 12:51:35] [SUCCESS] .htaccess file created
[2025-12-26 12:51:35] [INFO] Checking theme configuration...
[2025-12-26 12:51:35] [INFO] Current theme in database: twentytwentyfive
[2025-12-26 12:51:35] [INFO] Theme exists, no changes needed
[2025-12-26 12:51:35] [SUCCESS] WordPress reinstalled successfully
[2025-12-26 12:51:35] [SUCCESS] WordPress reinstall completed for jpshosting.net
[2025-12-26 12:51:35] [INFO] Previous version: 6.9
[2025-12-26 12:51:35] [INFO] New version: 6.9
[2025-12-26 12:51:35] [INFO] Backup location: /var/backups/jps-sites/jpshosting.net/reinstall_backup_20251226_125127
